<?xml version="1.0" encoding="UTF-8"?>
<!-- Generated by org.testng.reporters.JUnitXMLReporter -->
<testsuite hostname="DESKTOP-HHE1NP3" ignored="6" name="failure" tests="4" failures="3" timestamp="31 Jul 2019 01:24:59 GMT" time="0.051" errors="0">
  <testcase name="Validatetitle" time="0.001" classname="Testcases.TestCase2">
    <failure type="java.lang.AssertionError" message="The following asserts failed:
	expected [Yahoo.com] but found [gmail.com],
	expected [false] but found [true]">
      <![CDATA[java.lang.AssertionError: The following asserts failed:
expected [Yahoo.com] but found [gmail.com],
expected [false] but found [true]
at Testcases.TestCase2.Validatetitle(TestCase2.java:46)
... Removed 26 stack frames]]>
    </failure>
  </testcase> <!-- Validatetitle -->
  <testcase name="login" time="0.002" classname="Testcases.TestFailure">
    <failure type="junit.framework.AssertionFailedError" message="failing the login test">
      <![CDATA[junit.framework.AssertionFailedError: failing the login test
at junit.framework.Assert.fail(Assert.java:47)
at Testcases.TestFailure.login(TestFailure.java:12)
... Removed 25 stack frames]]>
    </failure>
  </testcase> <!-- login -->
  <testcase name="userreg" time="0.002" classname="Testcases.Testcase3">
    <failure type="java.lang.AssertionError" message="user is not registered">
      <![CDATA[java.lang.AssertionError: user is not registered
at Testcases.Testcase3.userreg(Testcase3.java:13)
... Removed 26 stack frames]]>
    </failure>
  </testcase> <!-- userreg -->
  <testcase name="DOuserreg" time="0.001" classname="Testcases.TestCase1"/>
  <testcase name="@AfterSuite teardown" time="0.0" classname="Testcases.BaseTest">
    <ignored/>
  </testcase> <!-- @AfterSuite teardown -->
  <testcase name="@AfterSuite teardown" time="0.0" classname="Testcases.BaseTest">
    <ignored/>
  </testcase> <!-- @AfterSuite teardown -->
  <testcase name="@AfterSuite teardown" time="0.0" classname="Testcases.BaseTest">
    <ignored/>
  </testcase> <!-- @AfterSuite teardown -->
  <testcase name="@BeforeSuite setup" time="0.0" classname="Testcases.BaseTest">
    <ignored/>
  </testcase> <!-- @BeforeSuite setup -->
  <testcase name="@BeforeSuite setup" time="0.0" classname="Testcases.BaseTest">
    <ignored/>
  </testcase> <!-- @BeforeSuite setup -->
  <testcase name="@BeforeSuite setup" time="0.0" classname="Testcases.BaseTest">
    <ignored/>
  </testcase> <!-- @BeforeSuite setup -->
</testsuite> <!-- failure -->
